<?xml version="1.0" encoding="UTF-8"?>
<!-- Generated by org.testng.reporters.JUnitXMLReporter -->
<testsuite hostname="DESKTOP-UEIVDB1" ignored="0" name="Default test" tests="1" failures="1" timestamp="2021-01-30T16:18:19 NZDT" time="11.235" errors="0">
  <testcase name="runScenario" time="10.362" classname="io.cucumber.testng.AbstractTestNGCucumberTests">
    <failure type="java.lang.AssertionError" message="expected [Sign In123] but found [Sign In]">
      <![CDATA[java.lang.AssertionError: expected [Sign In123] but found [Sign In]
at org.testng.Assert.fail(Assert.java:99)
at org.testng.Assert.failNotEquals(Assert.java:1037)
at org.testng.Assert.assertEqualsImpl(Assert.java:140)
at org.testng.Assert.assertEquals(Assert.java:122)
at org.testng.Assert.assertEquals(Assert.java:629)
at org.testng.Assert.assertEquals(Assert.java:639)
at pages.LoginPage.verifyHomepage(LoginPage.java:38)
at stepDef.LoginStepDef.i_am_on_the_home_page(LoginStepDef.java:32)
at ✽.I am on the Home Page(file:///C:/Users/padma/eclipse-workspace/TestProject/src/test/resources/features/Login.feature:7)
]]>
    </failure>
  </testcase> <!-- runScenario -->
</testsuite> <!-- Default test -->
