<?xml version="1.0" encoding="UTF-8"?>
<testng-results ignored="0" total="2" passed="2" failed="0" skipped="0">
  <reporter-output>
  </reporter-output>
  <suite started-at="2021-01-31T14:53:50 NZDT" name="Suite" finished-at="2021-01-31T14:54:17 NZDT" duration-ms="26812">
    <groups>
    </groups>
    <test started-at="2021-01-31T14:53:50 NZDT" name="Test" finished-at="2021-01-31T14:54:17 NZDT" duration-ms="26812">
      <class name="testNG.ParallelTestByClass1">
        <test-method is-config="true" signature="setUp()[pri:0, instance:testNG.ParallelTestByClass1@22e357dc]" started-at="2021-01-31T14:53:50 NZDT" name="setUp" description="This test is to set up the browser" finished-at="2021-01-31T14:54:01 NZDT" duration-ms="10903" status="PASS">
          <reporter-output>
          </reporter-output>
        </test-method> <!-- setUp -->
        <test-method signature="verifyLoginAndLogout()[pri:-1, instance:testNG.ParallelTestByClass1@22e357dc]" started-at="2021-01-31T14:54:01 NZDT" name="verifyLoginAndLogout" description="This test is to login" finished-at="2021-01-31T14:54:10 NZDT" duration-ms="9368" status="PASS">
          <reporter-output>
          </reporter-output>
        </test-method> <!-- verifyLoginAndLogout -->
        <test-method is-config="true" signature="tearDown()[pri:0, instance:testNG.ParallelTestByClass1@22e357dc]" started-at="2021-01-31T14:54:10 NZDT" name="tearDown" description="This test is to tidy up the driver" finished-at="2021-01-31T14:54:11 NZDT" duration-ms="936" status="PASS">
          <reporter-output>
          </reporter-output>
        </test-method> <!-- tearDown -->
      </class> <!-- testNG.ParallelTestByClass1 -->
      <class name="testNG.ParallelTestByClass2">
        <test-method is-config="true" signature="setUp()[pri:0, instance:testNG.ParallelTestByClass2@49912c99]" started-at="2021-01-31T14:53:50 NZDT" name="setUp" description="This test is to set up the browser" finished-at="2021-01-31T14:54:01 NZDT" duration-ms="11094" status="PASS">
          <reporter-output>
          </reporter-output>
        </test-method> <!-- setUp -->
        <test-method signature="registration()[pri:0, instance:testNG.ParallelTestByClass2@49912c99]" started-at="2021-01-31T14:54:01 NZDT" name="registration" description="This test is to login" finished-at="2021-01-31T14:54:16 NZDT" duration-ms="14744" status="PASS">
          <reporter-output>
          </reporter-output>
        </test-method> <!-- registration -->
        <test-method is-config="true" signature="tearDown()[pri:0, instance:testNG.ParallelTestByClass2@49912c99]" started-at="2021-01-31T14:54:16 NZDT" name="tearDown" description="This test is to tidy up the driver" finished-at="2021-01-31T14:54:17 NZDT" duration-ms="938" status="PASS">
          <reporter-output>
          </reporter-output>
        </test-method> <!-- tearDown -->
      </class> <!-- testNG.ParallelTestByClass2 -->
    </test> <!-- Test -->
  </suite> <!-- Suite -->
</testng-results>
